xyu of shape (11, 3) is:
 [[ 6.15066104e-03 -1.80598665e-02  3.90625000e-03]
 [ 3.99602670e-03 -1.21645769e-02  8.37323018e-03]
 [ 4.30161785e-03 -7.48289283e-03  1.79484118e-02]
 [ 3.79405334e-03 -6.19008252e-03  3.84732629e-02]
 [ 4.15090285e-03 -5.80951292e-03  8.24692444e-02]
 [ 3.99387535e-03 -5.46250166e-03  1.76776695e-01]
 [ 4.84612864e-03 -5.24993055e-03  3.78929142e-01]
 [ 4.08692751e-03 -6.63838303e-03  8.12252396e-01]
 [ 2.38304064e-02 -2.13650558e-02  1.74110113e+00]
 [ 2.72293966e-02 -3.05859726e-02  3.73213197e+00]
 [ 3.01612429e-02 -3.47833708e-02  8.00000000e+00]]
After sort coords are:
 [[ 4.84612864e-03 -5.24993055e-03  3.78929142e-01]
 [ 3.99387535e-03 -5.46250166e-03  1.76776695e-01]
 [ 4.15090285e-03 -5.80951292e-03  8.24692444e-02]
 [ 3.79405334e-03 -6.19008252e-03  3.84732629e-02]
 [ 4.08692751e-03 -6.63838303e-03  8.12252396e-01]
 [ 4.30161785e-03 -7.48289283e-03  1.79484118e-02]
 [ 3.99602670e-03 -1.21645769e-02  8.37323018e-03]
 [ 6.15066104e-03 -1.80598665e-02  3.90625000e-03]
 [ 2.38304064e-02 -2.13650558e-02  1.74110113e+00]
 [ 2.72293966e-02 -3.05859726e-02  3.73213197e+00]
 [ 3.01612429e-02 -3.47833708e-02  8.00000000e+00]]
#########[3.78929142e-01 1.76776695e-01 8.24692444e-02 3.84732629e-02
 8.12252396e-01 1.79484118e-02 8.37323018e-03 3.90625000e-03
 1.74110113e+00 3.73213197e+00 8.00000000e+00]###########
[41mDeleting point 2 : 0.0825 because it forms a >[0m
[41mDeleting point 4 : 0.8123 because it forms a >[0m
[41mDeleting point 8 : 1.7411 because it forms a >[0m
#########[3.78929142e-01 1.76776695e-01 3.84732629e-02 1.79484118e-02
 8.37323018e-03 3.90625000e-03 3.73213197e+00 8.00000000e+00]###########
[41mDeleting point 3 : 0.0179 because it forms a >[0m
[41mDeleting point 6 : 3.7321 because it forms a >[0m
#########[3.78929142e-01 1.76776695e-01 3.84732629e-02 8.37323018e-03
 3.90625000e-03 8.00000000e+00]###########
Privacies are [0.00615066 0.00399603 0.00430162 0.00379405 0.0041509  0.00399388
 0.00484613 0.00408693 0.02383041 0.0272294  0.03016124]
Utilities are [-0.01805987 -0.01216458 -0.00748289 -0.00619008 -0.00580951 -0.0054625
 -0.00524993 -0.00663838 -0.02136506 -0.03058597 -0.03478337]
Saving to ./figures/privacy_vs_utility_posthoc.png
